{
  "RSpec": {
    "coverage": {
      "/Users/kig/Dropbox/Code/sites/makeabox/makeabox-master/config/environment.rb": {
        "lines": [
          null,
          1,
          null,
          null,
          1
        ]
      },
      "/Users/kig/Dropbox/Code/sites/makeabox/makeabox-master/config/application.rb": {
        "lines": [
          1,
          null,
          null,
          1,
          null,
          1,
          1,
          1,
          1,
          1,
          1,
          null,
          null,
          null,
          1,
          null,
          1,
          1,
          null,
          null,
          null,
          null,
          null,
          null,
          null,
          null,
          null,
          null,
          null,
          null,
          null,
          null,
          1,
          1,
          1,
          null,
          1,
          null,
          1,
          1,
          null,
          null,
          null,
          null,
          null,
          null,
          null
        ]
      },
      "/Users/kig/Dropbox/Code/sites/makeabox/makeabox-master/config/boot.rb": {
        "lines": [
          null,
          1,
          null,
          1
        ]
      },
      "/Users/kig/Dropbox/Code/sites/makeabox/makeabox-master/config/environments/test.rb": {
        "lines": [
          1,
          null,
          null,
          null,
          null,
          null,
          null,
          1,
          null,
          null,
          null,
          null,
          1,
          null,
          1,
          null,
          null,
          1,
          1,
          null,
          null,
          1,
          null,
          null,
          1,
          null,
          null,
          null,
          null,
          1,
          null,
          null,
          1,
          null,
          null,
          null,
          null
        ]
      },
      "/Users/kig/Dropbox/Code/sites/makeabox/makeabox-master/config/initializers/assets.rb": {
        "lines": [
          null,
          null,
          null,
          1,
          null,
          null,
          null,
          null,
          1,
          1,
          1,
          null,
          null,
          1,
          null,
          null,
          1,
          1,
          1,
          1,
          null
        ]
      },
      "/Users/kig/Dropbox/Code/sites/makeabox/makeabox-master/config/initializers/backtrace_silencers.rb": {
        "lines": [
          null,
          null,
          null,
          null,
          null,
          null,
          null
        ]
      },
      "/Users/kig/Dropbox/Code/sites/makeabox/makeabox-master/config/initializers/cookies_serializer.rb": {
        "lines": [
          null,
          null,
          1
        ]
      },
      "/Users/kig/Dropbox/Code/sites/makeabox/makeabox-master/config/initializers/datadog.rb": {
        "lines": [
          null,
          null,
          null,
          null,
          null,
          1,
          0,
          null,
          0,
          null,
          0,
          null,
          0,
          null,
          null,
          0,
          null,
          0,
          null,
          null,
          null,
          null,
          0,
          0,
          0,
          0,
          null,
          null,
          0,
          null,
          null,
          null,
          null,
          null,
          0,
          null,
          null,
          null,
          null,
          null,
          null,
          null,
          null,
          null,
          null,
          null,
          null,
          null,
          null,
          0,
          0,
          null,
          null,
          null
        ]
      },
      "/Users/kig/Dropbox/Code/sites/makeabox/makeabox-master/config/initializers/filter_parameter_logging.rb": {
        "lines": [
          null,
          null,
          null,
          1
        ]
      },
      "/Users/kig/Dropbox/Code/sites/makeabox/makeabox-master/config/initializers/gc.rb": {
        "lines": [
          1
        ]
      },
      "/Users/kig/Dropbox/Code/sites/makeabox/makeabox-master/config/initializers/inflections.rb": {
        "lines": [
          null,
          null,
          null,
          null,
          null,
          null,
          null,
          null,
          null,
          null,
          null,
          null,
          null,
          null,
          null,
          null
        ]
      },
      "/Users/kig/Dropbox/Code/sites/makeabox/makeabox-master/config/initializers/mime_types.rb": {
        "lines": [
          null,
          null,
          null,
          null
        ]
      },
      "/Users/kig/Dropbox/Code/sites/makeabox/makeabox-master/config/initializers/rack_timeout.rb": {
        "lines": [
          1,
          null,
          null,
          null,
          null,
          null,
          1,
          null,
          1
        ]
      },
      "/Users/kig/Dropbox/Code/sites/makeabox/makeabox-master/config/initializers/rails.rb": {
        "lines": [
          1,
          3,
          null
        ]
      },
      "/Users/kig/Dropbox/Code/sites/makeabox/makeabox-master/config/initializers/session_store.rb": {
        "lines": [
          null,
          null,
          1
        ]
      },
      "/Users/kig/Dropbox/Code/sites/makeabox/makeabox-master/config/initializers/shutdown.rb": {
        "lines": [
          1,
          1,
          0,
          0,
          0,
          null,
          null
        ]
      },
      "/Users/kig/Dropbox/Code/sites/makeabox/makeabox-master/config/initializers/wrap_parameters.rb": {
        "lines": [
          null,
          null,
          null,
          null,
          null,
          null,
          1,
          2,
          null
        ]
      },
      "/Users/kig/Dropbox/Code/sites/makeabox/makeabox-master/config/routes.rb": {
        "lines": [
          1,
          1,
          1,
          null
        ]
      },
      "/Users/kig/Dropbox/Code/sites/makeabox/makeabox-master/app/helpers/application_helper.rb": {
        "lines": [
          1,
          1,
          2,
          null,
          null,
          1,
          2,
          null,
          null
        ]
      },
      "/Users/kig/Dropbox/Code/sites/makeabox/makeabox-master/app/helpers/home_helper.rb": {
        "lines": [
          1,
          null,
          1,
          null,
          null,
          1,
          16,
          null,
          null,
          1,
          6,
          16,
          null,
          null,
          null,
          1,
          16,
          16,
          16,
          null,
          16,
          null,
          null,
          null,
          null,
          1,
          null,
          16,
          null,
          null,
          null,
          null,
          null,
          null
        ]
      },
      "/Users/kig/Dropbox/Code/sites/makeabox/makeabox-master/app/controllers/home_controller.rb": {
        "lines": [
          null,
          null,
          1,
          1,
          null,
          1,
          4,
          4,
          4,
          null,
          4,
          null,
          2,
          null,
          2,
          0,
          0,
          0,
          0,
          null,
          null,
          0,
          null,
          0,
          null,
          0,
          0,
          null,
          0,
          null,
          null,
          null,
          0,
          0,
          0,
          0,
          0,
          null,
          null,
          1,
          null,
          1,
          2,
          0,
          null,
          2,
          2,
          2,
          null,
          0,
          0,
          0,
          null,
          null,
          1,
          2,
          2,
          0,
          null,
          2,
          null,
          null,
          null,
          1,
          null,
          null,
          null,
          null,
          null,
          1,
          null,
          1,
          4,
          null,
          4,
          28,
          null,
          null,
          4,
          null,
          4,
          4,
          null,
          8,
          null,
          null,
          1,
          4,
          200,
          200,
          null,
          4,
          null,
          null,
          1,
          4,
          0,
          0,
          null,
          null,
          4,
          28,
          null,
          null,
          null,
          1,
          null,
          1,
          0,
          0,
          0,
          null,
          null,
          1,
          0,
          null,
          null,
          1,
          0,
          null,
          null,
          1,
          0,
          0,
          0,
          null,
          null,
          1,
          0,
          null,
          0,
          0,
          null,
          null,
          null,
          0,
          0,
          null,
          null,
          null,
          null,
          0,
          0,
          0,
          0,
          0,
          null,
          0,
          0,
          0,
          0,
          null,
          0,
          null,
          null,
          0,
          0,
          null,
          null,
          null,
          null
        ]
      },
      "/Users/kig/Dropbox/Code/sites/makeabox/makeabox-master/app/controllers/application_controller.rb": {
        "lines": [
          1,
          1,
          null,
          null,
          1,
          null,
          1,
          null,
          1,
          null,
          1,
          0,
          null,
          null,
          1,
          0,
          0,
          0,
          0,
          0,
          null,
          null
        ]
      }
    },
    "timestamp": 1594175701
  }
}
